TN:
SF:/Users/vywwong/Dropbox/AWS/tiny-url/frontend/src/api/api.js
FN:5,(anonymous_0)
FNF:1
FNH:1
FNDA:5,(anonymous_0)
DA:6,5
DA:7,5
DA:8,5
DA:9,5
LF:4
LH:4
BRDA:7,0,0,5
BRDA:7,0,1,3
BRF:2
BRH:2
end_of_record
TN:
SF:/Users/vywwong/Dropbox/AWS/tiny-url/frontend/src/components/Copier.vue
FN:20,(anonymous_1)
FNF:1
FNH:1
FNDA:2,(anonymous_1)
DA:22,2
DA:23,2
DA:24,2
DA:25,2
DA:26,2
DA:27,2
DA:28,2
DA:29,2
DA:30,2
DA:31,2
DA:32,1
LF:11
LH:11
BRDA:31,0,0,1
BRDA:31,0,1,1
BRF:2
BRH:2
end_of_record
TN:
SF:/Users/vywwong/Dropbox/AWS/tiny-url/frontend/src/components/Shortener.vue
FN:37,(anonymous_1)
FN:46,(anonymous_2)
FN:60,(anonymous_3)
FN:63,(anonymous_4)
FN:67,(anonymous_5)
FN:70,(anonymous_6)
FN:73,(anonymous_7)
FN:75,(anonymous_8)
FN:78,(anonymous_9)
FN:81,(anonymous_10)
FN:84,(anonymous_11)
FN:90,(anonymous_12)
FNF:12
FNH:12
FNDA:7,(anonymous_1)
FNDA:11,(anonymous_2)
FNDA:1,(anonymous_3)
FNDA:1,(anonymous_4)
FNDA:1,(anonymous_5)
FNDA:1,(anonymous_6)
FNDA:1,(anonymous_7)
FNDA:1,(anonymous_8)
FNDA:1,(anonymous_9)
FNDA:2,(anonymous_10)
FNDA:1,(anonymous_11)
FNDA:1,(anonymous_12)
DA:25,1
DA:26,1
DA:27,1
DA:28,1
DA:29,1
DA:31,1
DA:38,7
DA:47,11
DA:56,11
DA:61,1
DA:64,1
DA:65,1
DA:68,1
DA:71,1
DA:72,1
DA:73,1
DA:74,1
DA:75,2
DA:79,1
DA:82,2
DA:83,2
DA:89,1
DA:92,1
DA:94,1
DA:95,1
LF:25
LH:25
BRF:0
BRH:0
end_of_record
